{'extraCredit': 0,
 'fatalError': False,
 'maxExtraCredit': 0,
 'maxTotalPoints': 3,
 'messages': [],
 'mode': 'auto',
 'parts': [{'description': 'Basic test for VolcanoCrossing.',
            'extraCredit': False,
            'maxPoints': 3,
            'maxSeconds': 5,
            'messages': [],
            'name': '1a-1-basic',
            'points': 3,
            'seconds': 0},
           {'description': 'Hidden test for VolcanoCrossing.',
            'extraCredit': False,
            'maxPoints': 2,
            'maxSeconds': 5,
            'messages': [],
            'name': '1a-2-hidden',
            'points': 0,
            'seconds': 0}],
 'totalPoints': 3}
