{'extraCredit': 0,
 'fatalError': False,
 'maxExtraCredit': 0,
 'maxTotalPoints': 10,
 'messages': [],
 'mode': 'auto',
 'parts': [{'description': 'Basic test for create_chain_csp',
            'extraCredit': False,
            'maxPoints': 2,
            'maxSeconds': 1,
            'messages': [],
            'name': '1a-1-basic',
            'points': 2,
            'seconds': 0},
           {'description': 'Hidden test for create_chain_csp',
            'extraCredit': False,
            'maxPoints': 1,
            'maxSeconds': 1,
            'messages': [],
            'name': '1a-1-hidden',
            'points': 0,
            'seconds': 0},
           {'description': 'Basic test for create_nqueens_csp for n=8',
            'extraCredit': False,
            'maxPoints': 2,
            'maxSeconds': 1,
            'messages': [],
            'name': '2a-1-basic',
            'points': 2,
            'seconds': 0},
           {'description': 'Test create_nqueens_csp with n=3',
            'extraCredit': False,
            'maxPoints': 1,
            'maxSeconds': 1,
            'messages': [],
            'name': '2a-2-hidden',
            'points': 0,
            'seconds': 0},
           {'description': 'Test create_nqueens_csp with different n',
            'extraCredit': False,
            'maxPoints': 1,
            'maxSeconds': 1,
            'messages': [],
            'name': '2a-3-hidden',
            'points': 0,
            'seconds': 0},
           {'description': 'Basic test for MCV with n-queens CSP',
            'extraCredit': False,
            'maxPoints': 2,
            'maxSeconds': 1,
            'messages': [],
            'name': '2b-1-basic',
            'points': 2,
            'seconds': 0},
           {'description': 'Test MCV with different CSPs',
            'extraCredit': False,
            'maxPoints': 1,
            'maxSeconds': 1,
            'messages': [],
            'name': '2b-2-hidden',
            'points': 0,
            'seconds': 0},
           {'description': 'Test for MCV with n-queens CSP',
            'extraCredit': False,
            'maxPoints': 1,
            'maxSeconds': 1,
            'messages': [],
            'name': '2b-3-hidden',
            'points': 0,
            'seconds': 0},
           {'description': 'Basic test for get_sum_variable',
            'extraCredit': False,
            'maxPoints': 2,
            'maxSeconds': 1,
            'messages': [],
            'name': '3a-1-basic',
            'points': 2,
            'seconds': 0},
           {'description': 'Test get_sum_variable with empty list of variables',
            'extraCredit': False,
            'maxPoints': 1,
            'maxSeconds': 1,
            'messages': [],
            'name': '3a-2-hidden',
            'points': 0,
            'seconds': 0},
           {'description': 'Test get_sum_variable with different variables',
            'extraCredit': False,
            'maxPoints': 2,
            'maxSeconds': 1,
            'messages': [],
            'name': '3a-3-hidden',
            'points': 0,
            'seconds': 0},
           {'description': 'Basic test for light-bulb problem',
            'extraCredit': False,
            'maxPoints': 2,
            'maxSeconds': 1,
            'messages': [],
            'name': '3b-1-basic',
            'points': 2,
            'seconds': 0},
           {'description': 'Test light-bulb problem arguments',
            'extraCredit': False,
            'maxPoints': 2,
            'maxSeconds': 1,
            'messages': [],
            'name': '3b-2-hidden',
            'points': 0,
            'seconds': 0}],
 'totalPoints': 10}
