{'extraCredit': 0,
 'fatalError': False,
 'maxExtraCredit': 0,
 'maxTotalPoints': 8,
 'messages': [],
 'mode': 'auto',
 'parts': [{'description': 'simple test case using hand-picked unigram costs',
            'extraCredit': False,
            'maxPoints': 1,
            'maxSeconds': 2,
            'messages': [],
            'name': '1a-1-basic',
            'points': 1,
            'seconds': 0},
           {'description': 'simple test case using unigram cost from the '
                           'corpus',
            'extraCredit': False,
            'maxPoints': 1,
            'maxSeconds': 2,
            'messages': [],
            'name': '1a-2-basic',
            'points': 1,
            'seconds': 0},
           {'description': 'simple hidden test case',
            'extraCredit': False,
            'maxPoints': 3,
            'maxSeconds': 3,
            'messages': [],
            'name': '1a-3-hidden',
            'points': 0,
            'seconds': 0},
           {'description': 'hidden test case for all queries in QUERIES_SEG',
            'extraCredit': False,
            'maxPoints': 5,
            'maxSeconds': 3,
            'messages': [],
            'name': '1a-4-hidden',
            'points': 0,
            'seconds': 0},
           {'description': 'simple test case',
            'extraCredit': False,
            'maxPoints': 1,
            'maxSeconds': 2,
            'messages': [],
            'name': '1b-1-basic',
            'points': 1,
            'seconds': 0},
           {'description': 'simple hidden test case',
            'extraCredit': False,
            'maxPoints': 3,
            'maxSeconds': 2,
            'messages': [],
            'name': '1b-2-hidden',
            'points': 0,
            'seconds': 0},
           {'description': 'simple hidden test case',
            'extraCredit': False,
            'maxPoints': 3,
            'maxSeconds': 3,
            'messages': [],
            'name': '1b-3-hidden',
            'points': 0,
            'seconds': 0},
           {'description': 'hidden test case for all queries in QUERIES_INS',
            'extraCredit': False,
            'maxPoints': 3,
            'maxSeconds': 3,
            'messages': [],
            'name': '1b-4-hidden',
            'points': 0,
            'seconds': 0},
           {'description': 'simple test case with hand-picked bigram costs and '
                           'possible fills',
            'extraCredit': False,
            'maxPoints': 1,
            'maxSeconds': 2,
            'messages': [],
            'name': '1c-1-basic',
            'points': 1,
            'seconds': 0},
           {'description': 'simple test case with unigram costs as bigram '
                           'costs',
            'extraCredit': False,
            'maxPoints': 1,
            'maxSeconds': 2,
            'messages': [],
            'name': '1c-2-basic',
            'points': 1,
            'seconds': 0},
           {'description': 'hidden test case with unigram costs as bigram '
                           'costs and additional possible fills',
            'extraCredit': False,
            'maxPoints': 3,
            'maxSeconds': 3,
            'messages': [],
            'name': '1c-3-hidden',
            'points': 0,
            'seconds': 0},
           {'description': 'hidden test case with hand-picked bigram costs and '
                           'possible fills',
            'extraCredit': False,
            'maxPoints': 5,
            'maxSeconds': 3,
            'messages': [],
            'name': '1c-4-hidden',
            'points': 0,
            'seconds': 0},
           {'description': 'hidden test case for all queries in QUERIES_BOTH '
                           'with bigram costs and possible fills from the '
                           'corpus',
            'extraCredit': False,
            'maxPoints': 5,
            'maxSeconds': 3,
            'messages': [],
            'name': '1c-5-hidden',
            'points': 0,
            'seconds': 0},
           {'description': 'simple test case with small maze',
            'extraCredit': False,
            'maxPoints': 1,
            'maxSeconds': 1,
            'messages': [],
            'name': '2a-1-basic',
            'points': 1,
            'seconds': 0},
           {'description': 'simple test case with small maze',
            'extraCredit': False,
            'maxPoints': 1,
            'maxSeconds': 1,
            'messages': [],
            'name': '2a-2-basic',
            'points': 1,
            'seconds': 0},
           {'description': 'hidden test case where UCS becomes inefficient',
            'extraCredit': False,
            'maxPoints': 1,
            'maxSeconds': 1,
            'messages': [],
            'name': '2a-3-hidden',
            'points': 0,
            'seconds': 0},
           {'description': 'simple test case with small maze',
            'extraCredit': False,
            'maxPoints': 1,
            'maxSeconds': 1,
            'messages': [],
            'name': '2b-1-basic',
            'points': 1,
            'seconds': 0},
           {'description': 'hidden test case for maze search with A*',
            'extraCredit': False,
            'maxPoints': 3,
            'maxSeconds': 3,
            'messages': [],
            'name': '2b-2-hidden',
            'points': 3,
            'seconds': 0},
           {'description': 'hidden test case for maze search with A*, where '
                           'UCS becomes inefficient',
            'extraCredit': False,
            'maxPoints': 4,
            'maxSeconds': 3,
            'messages': [],
            'name': '2b-3-hidden',
            'points': 4,
            'seconds': 0},
           {'description': 'hidden test case for modified maze search with A*, '
                           'where UCS becomes inefficient',
            'extraCredit': False,
            'maxPoints': 4,
            'maxSeconds': 3,
            'messages': [],
            'name': '2b-4-hidden',
            'points': 4,
            'seconds': 0}],
 'totalPoints': 8}
