{'extraCredit': 0,
 'fatalError': False,
 'maxExtraCredit': 0,
 'maxTotalPoints': 14,
 'messages': [],
 'mode': 'auto',
 'parts': [{'description': '',
            'extraCredit': False,
            'maxPoints': 2,
            'maxSeconds': 1,
            'messages': [],
            'name': '1a-1-hidden',
            'points': 0,
            'seconds': 0},
           {'description': 'basic test',
            'extraCredit': False,
            'maxPoints': 1,
            'maxSeconds': 1,
            'messages': [],
            'name': '2a-0-basic',
            'points': 1,
            'seconds': 0},
           {'description': 'test multiple instances of the same word in a '
                           'sentence',
            'extraCredit': False,
            'maxPoints': 1,
            'maxSeconds': 1,
            'messages': [],
            'name': '2a-1-hidden',
            'points': 0,
            'seconds': 0},
           {'description': 'basic sanity check for learning correct weights on '
                           'two training and testing examples each',
            'extraCredit': False,
            'maxPoints': 1,
            'maxSeconds': 1,
            'messages': [],
            'name': '2b-0-basic',
            'points': 1,
            'seconds': 0},
           {'description': 'test correct overriding of positive weight due to '
                           'one negative instance with repeated words',
            'extraCredit': False,
            'maxPoints': 1,
            'maxSeconds': 1,
            'messages': [],
            'name': '2b-1-basic',
            'points': 1,
            'seconds': 0},
           {'description': 'test classifier on real polarity dev dataset',
            'extraCredit': False,
            'maxPoints': 6,
            'maxSeconds': 8,
            'messages': [],
            'name': '2b-2-basic',
            'points': 6,
            'seconds': 1},
           {'description': 'test basic ngram features',
            'extraCredit': False,
            'maxPoints': 1,
            'maxSeconds': 1,
            'messages': [],
            'name': '2c-0-basic',
            'points': 1,
            'seconds': 0},
           {'description': 'test feature extraction on random sentence and '
                           'random length',
            'extraCredit': False,
            'maxPoints': 2,
            'maxSeconds': 1,
            'messages': [],
            'name': '2c-1-hidden',
            'points': 0,
            'seconds': 0},
           {'description': 'test forward function on XOR dataset',
            'extraCredit': False,
            'maxPoints': 1,
            'maxSeconds': 1,
            'messages': [],
            'name': '3a-0-basic',
            'points': 1,
            'seconds': 0},
           {'description': 'test forward function on random data',
            'extraCredit': False,
            'maxPoints': 3,
            'maxSeconds': 1,
            'messages': [],
            'name': '3a-1-hidden',
            'points': 0,
            'seconds': 0},
           {'description': 'test loss function on XOR dataset',
            'extraCredit': False,
            'maxPoints': 1,
            'maxSeconds': 1,
            'messages': [],
            'name': '3b-0-basic',
            'points': 1,
            'seconds': 0},
           {'description': 'test backward function on XOR dataset',
            'extraCredit': False,
            'maxPoints': 1,
            'maxSeconds': 1,
            'messages': [],
            'name': '3b-1-basic',
            'points': 1,
            'seconds': 0},
           {'description': 'test backward function on random data',
            'extraCredit': False,
            'maxPoints': 6,
            'maxSeconds': 1,
            'messages': [],
            'name': '3b-2-hidden',
            'points': 0,
            'seconds': 0},
           {'description': 'test train function on XOR dataset',
            'extraCredit': False,
            'maxPoints': 1,
            'maxSeconds': 10,
            'messages': [],
            'name': '3c-0-basic',
            'points': 1,
            'seconds': 0},
           {'description': 'test train function on random data',
            'extraCredit': False,
            'maxPoints': 1,
            'maxSeconds': 10,
            'messages': [],
            'name': '3c-1-hidden',
            'points': 0,
            'seconds': 0}],
 'totalPoints': 14}
